<?xml version="1.0" encoding="UTF-8"?>
<!-- Generated by org.testng.reporters.JUnitXMLReporter -->
<testsuite hostname="Ravi-PC" ignored="0" name="Default test" tests="3" failures="0" timestamp="20 Aug 2018 15:04:12 GMT" time="47.481" errors="0">
  <testcase name="testValidUnPw" time="0.799" classname="testScript.TestLogin"/>
  <testcase name="testInvalidun" time="3.647" classname="testScript.TestLogin"/>
  <testcase name="Invalidpwd" time="3.975" classname="testScript.TestLogin"/>
</testsuite> <!-- Default test -->
